# JRE version: Java(TM) SE Runtime Environment (8.0_191-b12) (build 1.8.0_191-b12)
# Java VM: Java HotSpot(TM) 64-Bit Server VM (25.191-b12 mixed mode linux-amd64 compressed oops)
Heap:
 PSYoungGen      total 266752K, used 223616K [0x00000000eab00000, 0x0000000100000000, 0x0000000100000000)
  eden space 195584K, 100% used [0x00000000eab00000,0x00000000f6a00000,0x00000000f6a00000)
  from space 71168K, 39% used [0x00000000f6a00000,0x00000000f8560030,0x00000000faf80000)
  to   space 70656K, 37% used [0x00000000fbb00000,0x00000000fd4d4050,0x0000000100000000)
 ParOldGen       total 252928K, used 204732K [0x00000000c0000000, 0x00000000cf700000, 0x00000000eab00000)
  object space 252928K, 80% used [0x00000000c0000000,0x00000000cc7ef180,0x00000000cf700000)
 Metaspace       used 94602K, capacity 101816K, committed 102016K, reserved 1138688K
  class space    used 12017K, capacity 13349K, committed 13440K, reserved 1048576K
GC Heap History (10 events):
Event: 13419.331 GC heap after
Heap after GC invocations=111 (full 12):
 PSYoungGen      total 253440K, used 64K [0x00000000eab00000, 0x00000000ffb80000, 0x0000000100000000)
  eden space 167936K, 0% used [0x00000000eab00000,0x00000000eab00000,0x00000000f4f00000)
  from space 85504K, 0% used [0x00000000f4f00000,0x00000000f4f10000,0x00000000fa280000)
  to   space 81920K, 0% used [0x00000000fab80000,0x00000000fab80000,0x00000000ffb80000)
 ParOldGen       total 252928K, used 204268K [0x00000000c0000000, 0x00000000cf700000, 0x00000000eab00000)
  object space 252928K, 80% used [0x00000000c0000000,0x00000000cc77b058,0x00000000cf700000)
 Metaspace       used 94043K, capacity 101020K, committed 101120K, reserved 1136640K
  class space    used 11951K, capacity 13271K, committed 13312K, reserved 1048576K
}
Event: 13419.371 GC heap before
{Heap before GC invocations=112 (full 12):
 PSYoungGen      total 253440K, used 167431K [0x00000000eab00000, 0x00000000ffb80000, 0x0000000100000000)
  eden space 167936K, 99% used [0x00000000eab00000,0x00000000f4e71e80,0x00000000f4f00000)
  from space 85504K, 0% used [0x00000000f4f00000,0x00000000f4f10000,0x00000000fa280000)
  to   space 81920K, 0% used [0x00000000fab80000,0x00000000fab80000,0x00000000ffb80000)
 ParOldGen       total 252928K, used 204268K [0x00000000c0000000, 0x00000000cf700000, 0x00000000eab00000)
  object space 252928K, 80% used [0x00000000c0000000,0x00000000cc77b058,0x00000000cf700000)
 Metaspace       used 94043K, capacity 101020K, committed 101120K, reserved 1136640K
  class space    used 11951K, capacity 13271K, committed 13312K, reserved 1048576K
Event: 13419.375 GC heap after
Heap after GC invocations=112 (full 12):
 PSYoungGen      total 257536K, used 128K [0x00000000eab00000, 0x00000000ff580000, 0x0000000100000000)
  eden space 181760K, 0% used [0x00000000eab00000,0x00000000eab00000,0x00000000f5c80000)
  from space 75776K, 0% used [0x00000000fab80000,0x00000000faba0000,0x00000000ff580000)
  to   space 78336K, 0% used [0x00000000f5c80000,0x00000000f5c80000,0x00000000fa900000)
 ParOldGen       total 252928K, used 204300K [0x00000000c0000000, 0x00000000cf700000, 0x00000000eab00000)
  object space 252928K, 80% used [0x00000000c0000000,0x00000000cc783058,0x00000000cf700000)
 Metaspace       used 94043K, capacity 101020K, committed 101120K, reserved 1136640K
  class space    used 11951K, capacity 13271K, committed 13312K, reserved 1048576K
}
Event: 13555.734 GC heap before
{Heap before GC invocations=113 (full 12):
 PSYoungGen      total 257536K, used 181888K [0x00000000eab00000, 0x00000000ff580000, 0x0000000100000000)
  eden space 181760K, 100% used [0x00000000eab00000,0x00000000f5c80000,0x00000000f5c80000)
  from space 75776K, 0% used [0x00000000fab80000,0x00000000faba0000,0x00000000ff580000)
  to   space 78336K, 0% used [0x00000000f5c80000,0x00000000f5c80000,0x00000000fa900000)
 ParOldGen       total 252928K, used 204300K [0x00000000c0000000, 0x00000000cf700000, 0x00000000eab00000)
  object space 252928K, 80% used [0x00000000c0000000,0x00000000cc783058,0x00000000cf700000)
 Metaspace       used 94251K, capacity 101202K, committed 101376K, reserved 1136640K
  class space    used 11977K, capacity 13280K, committed 13312K, reserved 1048576K
Event: 13555.801 GC heap after
Heap after GC invocations=113 (full 12):
 PSYoungGen      total 260096K, used 23610K [0x00000000eab00000, 0x00000000ffc80000, 0x0000000100000000)
  eden space 181760K, 0% used [0x00000000eab00000,0x00000000eab00000,0x00000000f5c80000)
  from space 78336K, 30% used [0x00000000f5c80000,0x00000000f738e830,0x00000000fa900000)
  to   space 75264K, 0% used [0x00000000fb300000,0x00000000fb300000,0x00000000ffc80000)
 ParOldGen       total 252928K, used 204324K [0x00000000c0000000, 0x00000000cf700000, 0x00000000eab00000)
  object space 252928K, 80% used [0x00000000c0000000,0x00000000cc789058,0x00000000cf700000)
 Metaspace       used 94251K, capacity 101202K, committed 101376K, reserved 1136640K
  class space    used 11977K, capacity 13280K, committed 13312K, reserved 1048576K
}
Event: 13734.951 GC heap before
{Heap before GC invocations=114 (full 12):
 PSYoungGen      total 260096K, used 205370K [0x00000000eab00000, 0x00000000ffc80000, 0x0000000100000000)
  eden space 181760K, 100% used [0x00000000eab00000,0x00000000f5c80000,0x00000000f5c80000)
  from space 78336K, 30% used [0x00000000f5c80000,0x00000000f738e830,0x00000000fa900000)
  to   space 75264K, 0% used [0x00000000fb300000,0x00000000fb300000,0x00000000ffc80000)
 ParOldGen       total 252928K, used 204324K [0x00000000c0000000, 0x00000000cf700000, 0x00000000eab00000)
  object space 252928K, 80% used [0x00000000c0000000,0x00000000cc789058,0x00000000cf700000)
 Metaspace       used 94522K, capacity 101688K, committed 102016K, reserved 1138688K
  class space    used 12015K, capacity 13349K, committed 13440K, reserved 1048576K
Event: 13734.978 GC heap after
Heap after GC invocations=114 (full 12):
 PSYoungGen      total 263168K, used 5568K [0x00000000eab00000, 0x00000000ff500000, 0x0000000100000000)
  eden space 195584K, 0% used [0x00000000eab00000,0x00000000eab00000,0x00000000f6a00000)
  from space 67584K, 8% used [0x00000000fb300000,0x00000000fb870030,0x00000000ff500000)
  to   space 71168K, 0% used [0x00000000f6a00000,0x00000000f6a00000,0x00000000faf80000)
 ParOldGen       total 252928K, used 204716K [0x00000000c0000000, 0x00000000cf700000, 0x00000000eab00000)
  object space 252928K, 80% used [0x00000000c0000000,0x00000000cc7eb180,0x00000000cf700000)
 Metaspace       used 94522K, capacity 101688K, committed 102016K, reserved 1138688K
  class space    used 12015K, capacity 13349K, committed 13440K, reserved 1048576K
}
Event: 13736.649 GC heap before
{Heap before GC invocations=115 (full 12):
 PSYoungGen      total 263168K, used 201152K [0x00000000eab00000, 0x00000000ff500000, 0x0000000100000000)
  eden space 195584K, 100% used [0x00000000eab00000,0x00000000f6a00000,0x00000000f6a00000)
  from space 67584K, 8% used [0x00000000fb300000,0x00000000fb870030,0x00000000ff500000)
  to   space 71168K, 0% used [0x00000000f6a00000,0x00000000f6a00000,0x00000000faf80000)
 ParOldGen       total 252928K, used 204716K [0x00000000c0000000, 0x00000000cf700000, 0x00000000eab00000)
  object space 252928K, 80% used [0x00000000c0000000,0x00000000cc7eb180,0x00000000cf700000)
 Metaspace       used 94547K, capacity 101752K, committed 102016K, reserved 1138688K
  class space    used 12016K, capacity 13349K, committed 13440K, reserved 1048576K
Event: 13736.733 GC heap after
Heap after GC invocations=115 (full 12):
 PSYoungGen      total 266752K, used 28032K [0x00000000eab00000, 0x0000000100000000, 0x0000000100000000)
  eden space 195584K, 0% used [0x00000000eab00000,0x00000000eab00000,0x00000000f6a00000)
  from space 71168K, 39% used [0x00000000f6a00000,0x00000000f8560030,0x00000000faf80000)
  to   space 70656K, 0% used [0x00000000fbb00000,0x00000000fbb00000,0x0000000100000000)
 ParOldGen       total 252928K, used 204724K [0x00000000c0000000, 0x00000000cf700000, 0x00000000eab00000)
  object space 252928K, 80% used [0x00000000c0000000,0x00000000cc7ed180,0x00000000cf700000)
 Metaspace       used 94547K, capacity 101752K, committed 102016K, reserved 1138688K
  class space    used 12016K, capacity 13349K, committed 13440K, reserved 1048576K
}
Event: 15740.817 GC heap before
{Heap before GC invocations=116 (full 12):
 PSYoungGen      total 266752K, used 223616K [0x00000000eab00000, 0x0000000100000000, 0x0000000100000000)
  eden space 195584K, 100% used [0x00000000eab00000,0x00000000f6a00000,0x00000000f6a00000)
  from space 71168K, 39% used [0x00000000f6a00000,0x00000000f8560030,0x00000000faf80000)
  to   space 70656K, 0% used [0x00000000fbb00000,0x00000000fbb00000,0x0000000100000000)
 ParOldGen       total 252928K, used 204724K [0x00000000c0000000, 0x00000000cf700000, 0x00000000eab00000)
  object space 252928K, 80% used [0x00000000c0000000,0x00000000cc7ed180,0x00000000cf700000)
 Metaspace       used 94602K, capacity 101816K, committed 102016K, reserved 1138688K
  class space    used 12017K, capacity 13349K, committed 13440K, reserved 1048576K

