# JRE version: Java(TM) SE Runtime Environment (8.0_191-b12) (build 1.8.0_191-b12)
# Java VM: Java HotSpot(TM) 64-Bit Server VM (25.191-b12 mixed mode linux-amd64 compressed oops)
Heap:
 PSYoungGen      total 212992K, used 43354K [0x00000000eab00000, 0x00000000fc280000, 0x0000000100000000)
  eden space 153600K, 0% used [0x00000000eab00000,0x00000000eab00000,0x00000000f4100000)
  from space 59392K, 72% used [0x00000000f7f00000,0x00000000fa956830,0x00000000fb900000)
  to   space 63488K, 0% used [0x00000000f4100000,0x00000000f4100000,0x00000000f7f00000)
 ParOldGen       total 163328K, used 162982K [0x00000000c0000000, 0x00000000c9f80000, 0x00000000eab00000)
  object space 163328K, 99% used [0x00000000c0000000,0x00000000c9f29ab0,0x00000000c9f80000)
 Metaspace       used 67328K, capacity 70050K, committed 70872K, reserved 1110016K
  class space    used 9130K, capacity 9751K, committed 9984K, reserved 1048576K
GC Heap History (10 events):
Event: 167.141 GC heap after
Heap after GC invocations=38 (full 3):
 PSYoungGen      total 134144K, used 23536K [0x00000000eab00000, 0x00000000f7580000, 0x0000000100000000)
  eden space 110592K, 0% used [0x00000000eab00000,0x00000000eab00000,0x00000000f1700000)
  from space 23552K, 99% used [0x00000000f1700000,0x00000000f2dfc368,0x00000000f2e00000)
  to   space 35328K, 0% used [0x00000000f5300000,0x00000000f5300000,0x00000000f7580000)
 ParOldGen       total 90112K, used 89700K [0x00000000c0000000, 0x00000000c5800000, 0x00000000eab00000)
  object space 90112K, 99% used [0x00000000c0000000,0x00000000c57992a8,0x00000000c5800000)
 Metaspace       used 67484K, capacity 70558K, committed 70872K, reserved 1110016K
  class space    used 9213K, capacity 9867K, committed 9984K, reserved 1048576K
}
Event: 167.158 GC heap before
{Heap before GC invocations=39 (full 4):
 PSYoungGen      total 134144K, used 23536K [0x00000000eab00000, 0x00000000f7580000, 0x0000000100000000)
  eden space 110592K, 0% used [0x00000000eab00000,0x00000000eab00000,0x00000000f1700000)
  from space 23552K, 99% used [0x00000000f1700000,0x00000000f2dfc368,0x00000000f2e00000)
  to   space 35328K, 0% used [0x00000000f5300000,0x00000000f5300000,0x00000000f7580000)
 ParOldGen       total 90112K, used 89700K [0x00000000c0000000, 0x00000000c5800000, 0x00000000eab00000)
  object space 90112K, 99% used [0x00000000c0000000,0x00000000c57992a8,0x00000000c5800000)
 Metaspace       used 67484K, capacity 70558K, committed 70872K, reserved 1110016K
  class space    used 9213K, capacity 9867K, committed 9984K, reserved 1048576K
Event: 167.630 GC heap after
Heap after GC invocations=39 (full 4):
 PSYoungGen      total 134144K, used 7216K [0x00000000eab00000, 0x00000000f7580000, 0x0000000100000000)
  eden space 110592K, 0% used [0x00000000eab00000,0x00000000eab00000,0x00000000f1700000)
  from space 23552K, 30% used [0x00000000f1700000,0x00000000f1e0c2c8,0x00000000f2e00000)
  to   space 35328K, 0% used [0x00000000f5300000,0x00000000f5300000,0x00000000f7580000)
 ParOldGen       total 141824K, used 89881K [0x00000000c0000000, 0x00000000c8a80000, 0x00000000eab00000)
  object space 141824K, 63% used [0x00000000c0000000,0x00000000c57c6770,0x00000000c8a80000)
 Metaspace       used 67215K, capacity 69830K, committed 70872K, reserved 1110016K
  class space    used 9119K, capacity 9709K, committed 9984K, reserved 1048576K
}
Event: 167.922 GC heap before
{Heap before GC invocations=40 (full 4):
 PSYoungGen      total 134144K, used 117808K [0x00000000eab00000, 0x00000000f7580000, 0x0000000100000000)
  eden space 110592K, 100% used [0x00000000eab00000,0x00000000f1700000,0x00000000f1700000)
  from space 23552K, 30% used [0x00000000f1700000,0x00000000f1e0c2c8,0x00000000f2e00000)
  to   space 35328K, 0% used [0x00000000f5300000,0x00000000f5300000,0x00000000f7580000)
 ParOldGen       total 141824K, used 89881K [0x00000000c0000000, 0x00000000c8a80000, 0x00000000eab00000)
  object space 141824K, 63% used [0x00000000c0000000,0x00000000c57c6770,0x00000000c8a80000)
 Metaspace       used 67234K, capacity 69854K, committed 70872K, reserved 1110016K
  class space    used 9120K, capacity 9711K, committed 9984K, reserved 1048576K
Event: 167.963 GC heap after
Heap after GC invocations=40 (full 4):
 PSYoungGen      total 163840K, used 35322K [0x00000000eab00000, 0x00000000f8280000, 0x0000000100000000)
  eden space 128512K, 0% used [0x00000000eab00000,0x00000000eab00000,0x00000000f2880000)
  from space 35328K, 99% used [0x00000000f5300000,0x00000000f757e858,0x00000000f7580000)
  to   space 43520K, 0% used [0x00000000f2880000,0x00000000f2880000,0x00000000f5300000)
 ParOldGen       total 141824K, used 96217K [0x00000000c0000000, 0x00000000c8a80000, 0x00000000eab00000)
  object space 141824K, 67% used [0x00000000c0000000,0x00000000c5df6520,0x00000000c8a80000)
 Metaspace       used 67234K, capacity 69854K, committed 70872K, reserved 1110016K
  class space    used 9120K, capacity 9711K, committed 9984K, reserved 1048576K
}
Event: 168.342 GC heap before
{Heap before GC invocations=41 (full 4):
 PSYoungGen      total 163840K, used 163834K [0x00000000eab00000, 0x00000000f8280000, 0x0000000100000000)
  eden space 128512K, 100% used [0x00000000eab00000,0x00000000f2880000,0x00000000f2880000)
  from space 35328K, 99% used [0x00000000f5300000,0x00000000f757e858,0x00000000f7580000)
  to   space 43520K, 0% used [0x00000000f2880000,0x00000000f2880000,0x00000000f5300000)
 ParOldGen       total 141824K, used 96217K [0x00000000c0000000, 0x00000000c8a80000, 0x00000000eab00000)
  object space 141824K, 67% used [0x00000000c0000000,0x00000000c5df6520,0x00000000c8a80000)
 Metaspace       used 67252K, capacity 69854K, committed 70872K, reserved 1110016K
  class space    used 9120K, capacity 9711K, committed 9984K, reserved 1048576K
Event: 168.451 GC heap after
Heap after GC invocations=41 (full 4):
 PSYoungGen      total 172032K, used 43512K [0x00000000eab00000, 0x00000000fb900000, 0x0000000100000000)
  eden space 128512K, 0% used [0x00000000eab00000,0x00000000eab00000,0x00000000f2880000)
  from space 43520K, 99% used [0x00000000f2880000,0x00000000f52fe3b0,0x00000000f5300000)
  to   space 59392K, 0% used [0x00000000f7f00000,0x00000000f7f00000,0x00000000fb900000)
 ParOldGen       total 141824K, used 120453K [0x00000000c0000000, 0x00000000c8a80000, 0x00000000eab00000)
  object space 141824K, 84% used [0x00000000c0000000,0x00000000c75a1450,0x00000000c8a80000)
 Metaspace       used 67252K, capacity 69854K, committed 70872K, reserved 1110016K
  class space    used 9120K, capacity 9711K, committed 9984K, reserved 1048576K
}
Event: 168.837 GC heap before
{Heap before GC invocations=42 (full 4):
 PSYoungGen      total 172032K, used 172024K [0x00000000eab00000, 0x00000000fb900000, 0x0000000100000000)
  eden space 128512K, 100% used [0x00000000eab00000,0x00000000f2880000,0x00000000f2880000)
  from space 43520K, 99% used [0x00000000f2880000,0x00000000f52fe3b0,0x00000000f5300000)
  to   space 59392K, 0% used [0x00000000f7f00000,0x00000000f7f00000,0x00000000fb900000)
 ParOldGen       total 141824K, used 120453K [0x00000000c0000000, 0x00000000c8a80000, 0x00000000eab00000)
  object space 141824K, 84% used [0x00000000c0000000,0x00000000c75a1450,0x00000000c8a80000)
 Metaspace       used 67328K, capacity 70050K, committed 70872K, reserved 1110016K
  class space    used 9130K, capacity 9751K, committed 9984K, reserved 1048576K
Event: 169.029 GC heap after
Heap after GC invocations=42 (full 4):
 PSYoungGen      total 212992K, used 43354K [0x00000000eab00000, 0x00000000fc280000, 0x0000000100000000)
  eden space 153600K, 0% used [0x00000000eab00000,0x00000000eab00000,0x00000000f4100000)
  from space 59392K, 72% used [0x00000000f7f00000,0x00000000fa956830,0x00000000fb900000)
  to   space 63488K, 0% used [0x00000000f4100000,0x00000000f4100000,0x00000000f7f00000)
 ParOldGen       total 163328K, used 162982K [0x00000000c0000000, 0x00000000c9f80000, 0x00000000eab00000)
  object space 163328K, 99% used [0x00000000c0000000,0x00000000c9f29ab0,0x00000000c9f80000)
 Metaspace       used 67328K, capacity 70050K, committed 70872K, reserved 1110016K
  class space    used 9130K, capacity 9751K, committed 9984K, reserved 1048576K
}
Event: 169.029 GC heap before
{Heap before GC invocations=43 (full 5):
 PSYoungGen      total 212992K, used 43354K [0x00000000eab00000, 0x00000000fc280000, 0x0000000100000000)
  eden space 153600K, 0% used [0x00000000eab00000,0x00000000eab00000,0x00000000f4100000)
  from space 59392K, 72% used [0x00000000f7f00000,0x00000000fa956830,0x00000000fb900000)
  to   space 63488K, 0% used [0x00000000f4100000,0x00000000f4100000,0x00000000f7f00000)
 ParOldGen       total 163328K, used 162982K [0x00000000c0000000, 0x00000000c9f80000, 0x00000000eab00000)
  object space 163328K, 99% used [0x00000000c0000000,0x00000000c9f29ab0,0x00000000c9f80000)
 Metaspace       used 67328K, capacity 70050K, committed 70872K, reserved 1110016K
  class space    used 9130K, capacity 9751K, committed 9984K, reserved 1048576K

